<?xml version="1.0" encoding="UTF-8"?>
<!-- Generated by org.testng.reporters.JUnitXMLReporter -->
<testsuite ignored="4" hostname="DESKTOP-FPFPIJS" failures="0" tests="5" name="Test" time="0.323" errors="0" timestamp="2024-09-29T13:30:21 IST">
  <testcase classname="day24.Demo7" name="createCustomer" time="0.026"/>
  <testcase classname="day24.Demo7" name="createProduct" time="0.007"/>
  <testcase classname="day24.Demo7" name="createUser" time="0.012"/>
  <testcase classname="day24.Demo7" name="deleteUser" time="0.006"/>
  <testcase classname="day24.Demo7" name="editUser" time="0.03"/>
  <testcase classname="day24.Demo7" name="deleteCustomer" time="0.0">
    <ignored/>
  </testcase> <!-- deleteCustomer -->
  <testcase classname="day24.Demo7" name="editProduct" time="0.0">
    <ignored/>
  </testcase> <!-- editProduct -->
  <testcase classname="day24.Demo7" name="deleteProduct" time="0.0">
    <ignored/>
  </testcase> <!-- deleteProduct -->
  <testcase classname="day24.Demo7" name="editCustomer" time="0.0">
    <ignored/>
  </testcase> <!-- editCustomer -->
</testsuite> <!-- Test -->
