<?xml version="1.0" encoding="UTF-8"?>
<!-- Generated by org.testng.reporters.JUnitXMLReporter -->
<testsuite ignored="4" hostname="DESKTOP-FPFPIJS" failures="0" tests="3" name="TestY" time="0.05" errors="0" timestamp="2024-01-08T00:18:14 IST">
  <testcase classname="day22.Demo6" name="test6" time="0.004"/>
  <testcase classname="day22.Demo7" name="test7A" time="0.011"/>
  <testcase classname="day22.Demo7" name="test7B" time="0.003"/>
  <testcase classname="day22.SuperClass" name="@AfterSuite afterSuite" time="0.0">
    <ignored/>
  </testcase> <!-- @AfterSuite afterSuite -->
  <testcase classname="day22.SuperClass" name="@BeforeTest beforeTest" time="0.0">
    <ignored/>
  </testcase> <!-- @BeforeTest beforeTest -->
  <testcase classname="day22.SuperClass" name="@AfterTest afterTest" time="0.0">
    <ignored/>
  </testcase> <!-- @AfterTest afterTest -->
  <testcase classname="day22.SuperClass" name="@BeforeSuite beforeSuite" time="0.0">
    <ignored/>
  </testcase> <!-- @BeforeSuite beforeSuite -->
</testsuite> <!-- TestY -->
